Start testing: May 20 05:37 UTC
----------------------------------------------------------
1/1 Testing: qa_c_freq_offset
1/1 Test: qa_c_freq_offset
Command: "/usr/bin/sh" "/home/bhagat/gr-coarsefreq/build/python/qa_c_freq_offset_test.sh"
Directory: /home/bhagat/gr-coarsefreq/build/python
"qa_c_freq_offset" start time: May 20 05:37 UTC
Output:
----------------------------------------------------------
.
----------------------------------------------------------------------
Ran 1 test in 0.004s

OK
theta is 0.017263 at sample 164 
 theta is -0.039773 at sample 806 
 
<end of output>
Test time =   0.41 sec
----------------------------------------------------------
Test Passed.
"qa_c_freq_offset" end time: May 20 05:37 UTC
"qa_c_freq_offset" time elapsed: 00:00:00
----------------------------------------------------------

End testing: May 20 05:37 UTC
